{"/Users/vergara/projects/wallapop-frontend-test/src/App.vue": {"path":"/Users/vergara/projects/wallapop-frontend-test/src/App.vue","statementMap":{"0":{"start":{"line":15,"column":0},"end":{"line":15,"column":null}},"1":{"start":{"line":16,"column":0},"end":{"line":16,"column":null}},"2":{"start":{"line":17,"column":0},"end":{"line":17,"column":null}},"3":{"start":{"line":18,"column":0},"end":{"line":18,"column":null}},"4":{"start":{"line":35,"column":0},"end":{"line":35,"column":null}},"5":{"start":{"line":40,"column":0},"end":{"line":40,"column":null}}},"fnMap":{"0":{"name":"(anonymous_1)","decl":{"start":{"line":34,"column":0},"end":{"line":34,"column":null}},"loc":{"start":{"line":34,"column":0},"end":{"line":36,"column":null}}},"1":{"name":"(anonymous_2)","decl":{"start":{"line":39,"column":0},"end":{"line":39,"column":null}},"loc":{"start":{"line":39,"column":0},"end":{"line":41,"column":null}}}},"branchMap":{},"s":{"0":1,"1":1,"2":1,"3":1,"4":1,"5":3},"f":{"0":1,"1":3},"b":{}}
,"/Users/vergara/projects/wallapop-frontend-test/src/api/getItems.ts": {"path":"/Users/vergara/projects/wallapop-frontend-test/src/api/getItems.ts","statementMap":{"0":{"start":{"line":1,"column":0},"end":{"line":1,"column":null}},"1":{"start":{"line":5,"column":2},"end":{"line":5,"column":9}},"2":{"start":{"line":7,"column":6},"end":{"line":7,"column":13}}},"fnMap":{"0":{"name":"getItems","decl":{"start":{"line":4,"column":24},"end":{"line":4,"column":32}},"loc":{"start":{"line":4,"column":32},"end":{"line":9,"column":null}}},"1":{"name":"(anonymous_1)","decl":{"start":{"line":6,"column":10},"end":{"line":6,"column":18}},"loc":{"start":{"line":6,"column":21},"end":{"line":8,"column":null}}}},"branchMap":{},"s":{"0":3,"1":1,"2":1},"f":{"0":1,"1":1},"b":{}}
,"/Users/vergara/projects/wallapop-frontend-test/src/components/Item.vue": {"path":"/Users/vergara/projects/wallapop-frontend-test/src/components/Item.vue","statementMap":{"0":{"start":{"line":37,"column":0},"end":{"line":37,"column":null}},"1":{"start":{"line":50,"column":0},"end":{"line":50,"column":null}}},"fnMap":{"0":{"name":"(anonymous_1)","decl":{"start":{"line":49,"column":0},"end":{"line":49,"column":null}},"loc":{"start":{"line":49,"column":0},"end":{"line":51,"column":null}}}},"branchMap":{"0":{"loc":{"start":{"line":50,"column":0},"end":{"line":50,"column":null}},"type":"cond-expr","locations":[{"start":{"line":50,"column":0},"end":{"line":50,"column":null}},{"start":{"line":50,"column":0},"end":{"line":50,"column":null}}]}},"s":{"0":3,"1":0},"f":{"0":0},"b":{"0":[0,0]}}
,"/Users/vergara/projects/wallapop-frontend-test/src/components/ItemList.vue": {"path":"/Users/vergara/projects/wallapop-frontend-test/src/components/ItemList.vue","statementMap":{"0":{"start":{"line":15,"column":0},"end":{"line":15,"column":null}},"1":{"start":{"line":16,"column":0},"end":{"line":16,"column":null}},"2":{"start":{"line":17,"column":0},"end":{"line":17,"column":null}},"3":{"start":{"line":34,"column":0},"end":{"line":34,"column":null}}},"fnMap":{"0":{"name":"(anonymous_1)","decl":{"start":{"line":33,"column":0},"end":{"line":33,"column":null}},"loc":{"start":{"line":33,"column":0},"end":{"line":35,"column":null}}}},"branchMap":{},"s":{"0":2,"1":2,"2":2,"3":1},"f":{"0":1},"b":{}}
,"/Users/vergara/projects/wallapop-frontend-test/src/components/SearchInput.vue": {"path":"/Users/vergara/projects/wallapop-frontend-test/src/components/SearchInput.vue","statementMap":{"0":{"start":{"line":10,"column":0},"end":{"line":10,"column":null}},"1":{"start":{"line":16,"column":0},"end":{"line":16,"column":null}},"2":{"start":{"line":18,"column":0},"end":{"line":18,"column":null}},"3":{"start":{"line":24,"column":0},"end":{"line":24,"column":null}},"4":{"start":{"line":25,"column":0},"end":{"line":27,"column":null}},"5":{"start":{"line":26,"column":0},"end":{"line":26,"column":null}}},"fnMap":{"0":{"name":"(anonymous_1)","decl":{"start":{"line":15,"column":0},"end":{"line":15,"column":null}},"loc":{"start":{"line":15,"column":0},"end":{"line":20,"column":null}}},"1":{"name":"(anonymous_2)","decl":{"start":{"line":18,"column":0},"end":{"line":18,"column":null}},"loc":{"start":{"line":18,"column":0},"end":{"line":18,"column":null}}},"2":{"name":"(anonymous_3)","decl":{"start":{"line":23,"column":0},"end":{"line":23,"column":null}},"loc":{"start":{"line":23,"column":0},"end":{"line":28,"column":null}}},"3":{"name":"(anonymous_4)","decl":{"start":{"line":25,"column":0},"end":{"line":25,"column":null}},"loc":{"start":{"line":25,"column":0},"end":{"line":27,"column":null}}}},"branchMap":{},"s":{"0":2,"1":2,"2":0,"3":4,"4":4,"5":2},"f":{"0":2,"1":0,"2":4,"3":2},"b":{}}
,"/Users/vergara/projects/wallapop-frontend-test/src/domain/models/Item.ts": {"path":"/Users/vergara/projects/wallapop-frontend-test/src/domain/models/Item.ts","statementMap":{"0":{"start":{"line":13,"column":4},"end":{"line":13,"column":9}},"1":{"start":{"line":14,"column":4},"end":{"line":14,"column":9}},"2":{"start":{"line":15,"column":4},"end":{"line":15,"column":9}},"3":{"start":{"line":16,"column":4},"end":{"line":16,"column":9}},"4":{"start":{"line":17,"column":4},"end":{"line":17,"column":9}},"5":{"start":{"line":18,"column":4},"end":{"line":18,"column":9}},"6":{"start":{"line":19,"column":4},"end":{"line":19,"column":9}},"7":{"start":{"line":23,"column":15},"end":{"line":23,"column":null}}},"fnMap":{"0":{"name":"(anonymous_0)","decl":{"start":{"line":12,"column":2},"end":{"line":12,"column":15}},"loc":{"start":{"line":12,"column":52},"end":{"line":20,"column":null}}}},"branchMap":{},"s":{"0":78,"1":78,"2":78,"3":78,"4":78,"5":78,"6":78,"7":5},"f":{"0":78},"b":{}}
,"/Users/vergara/projects/wallapop-frontend-test/src/domain/services/itemService.ts": {"path":"/Users/vergara/projects/wallapop-frontend-test/src/domain/services/itemService.ts","statementMap":{"0":{"start":{"line":1,"column":0},"end":{"line":1,"column":null}},"1":{"start":{"line":2,"column":0},"end":{"line":2,"column":null}},"2":{"start":{"line":4,"column":20},"end":{"line":4,"column":null}},"3":{"start":{"line":6,"column":21},"end":{"line":6,"column":null}},"4":{"start":{"line":7,"column":28},"end":{"line":7,"column":36}},"5":{"start":{"line":7,"column":58},"end":{"line":7,"column":62}},"6":{"start":{"line":9,"column":4},"end":{"line":9,"column":11}},"7":{"start":{"line":12,"column":25},"end":{"line":12,"column":26}},"8":{"start":{"line":13,"column":29},"end":{"line":13,"column":null}},"9":{"start":{"line":15,"column":4},"end":{"line":22,"column":null}},"10":{"start":{"line":15,"column":21},"end":{"line":15,"column":24}},"11":{"start":{"line":16,"column":18},"end":{"line":16,"column":30}},"12":{"start":{"line":18,"column":6},"end":{"line":21,"column":null}},"13":{"start":{"line":19,"column":8},"end":{"line":19,"column":26}},"14":{"start":{"line":20,"column":8},"end":{"line":20,"column":null}},"15":{"start":{"line":24,"column":4},"end":{"line":24,"column":11}},"16":{"start":{"line":28,"column":15},"end":{"line":28,"column":null}}},"fnMap":{"0":{"name":"(anonymous_0)","decl":{"start":{"line":5,"column":7},"end":{"line":5,"column":34}},"loc":{"start":{"line":5,"column":34},"end":{"line":10,"column":null}}},"1":{"name":"(anonymous_1)","decl":{"start":{"line":7,"column":41},"end":{"line":7,"column":42}},"loc":{"start":{"line":7,"column":58},"end":{"line":7,"column":62}}},"2":{"name":"(anonymous_2)","decl":{"start":{"line":11,"column":17},"end":{"line":11,"column":18}},"loc":{"start":{"line":11,"column":63},"end":{"line":25,"column":null}}}},"branchMap":{"0":{"loc":{"start":{"line":18,"column":6},"end":{"line":21,"column":null}},"type":"if","locations":[{"start":{"line":18,"column":6},"end":{"line":21,"column":null}},{"start":{"line":18,"column":6},"end":{"line":21,"column":null}}]}},"s":{"0":3,"1":3,"2":3,"3":3,"4":3,"5":60,"6":3,"7":6,"8":6,"9":6,"10":6,"11":15,"12":15,"13":3,"14":3,"15":6,"16":3},"f":{"0":3,"1":60,"2":6},"b":{"0":[3,12]}}
,"/Users/vergara/projects/wallapop-frontend-test/src/store/index.ts": {"path":"/Users/vergara/projects/wallapop-frontend-test/src/store/index.ts","statementMap":{"0":{"start":{"line":2,"column":0},"end":{"line":2,"column":null}},"1":{"start":{"line":4,"column":0},"end":{"line":4,"column":null}},"2":{"start":{"line":5,"column":0},"end":{"line":5,"column":null}},"3":{"start":{"line":7,"column":0},"end":{"line":7,"column":4}},"4":{"start":{"line":10,"column":2},"end":{"line":10,"column":28}},"5":{"start":{"line":11,"column":2},"end":{"line":11,"column":15}},"6":{"start":{"line":14,"column":49},"end":{"line":14,"column":null}},"7":{"start":{"line":16,"column":4},"end":{"line":16,"column":40}},"8":{"start":{"line":16,"column":33},"end":{"line":16,"column":40}},"9":{"start":{"line":18,"column":4},"end":{"line":20,"column":null}},"10":{"start":{"line":19,"column":6},"end":{"line":19,"column":13}},"11":{"start":{"line":22,"column":25},"end":{"line":22,"column":30}},"12":{"start":{"line":23,"column":21},"end":{"line":23,"column":33}},"13":{"start":{"line":25,"column":6},"end":{"line":25,"column":13}},"14":{"start":{"line":27,"column":4},"end":{"line":27,"column":11}},"15":{"start":{"line":31,"column":46},"end":{"line":31,"column":null}},"16":{"start":{"line":33,"column":4},"end":{"line":37,"column":null}},"17":{"start":{"line":34,"column":6},"end":{"line":34,"column":11}},"18":{"start":{"line":36,"column":6},"end":{"line":36,"column":null}},"19":{"start":{"line":38,"column":4},"end":{"line":38,"column":9}},"20":{"start":{"line":41,"column":4},"end":{"line":41,"column":null}},"21":{"start":{"line":41,"column":33},"end":{"line":41,"column":null}},"22":{"start":{"line":42,"column":26},"end":{"line":42,"column":null}},"23":{"start":{"line":44,"column":4},"end":{"line":44,"column":9}},"24":{"start":{"line":47,"column":4},"end":{"line":47,"column":9}},"25":{"start":{"line":52,"column":49},"end":{"line":52,"column":null}},"26":{"start":{"line":54,"column":21},"end":{"line":54,"column":39}},"27":{"start":{"line":56,"column":4},"end":{"line":56,"column":10}},"28":{"start":{"line":59,"column":4},"end":{"line":59,"column":10}},"29":{"start":{"line":62,"column":4},"end":{"line":62,"column":10}},"30":{"start":{"line":66,"column":15},"end":{"line":66,"column":19}}},"fnMap":{"0":{"name":"(anonymous_0)","decl":{"start":{"line":9,"column":0},"end":{"line":9,"column":6}},"loc":{"start":{"line":9,"column":0},"end":{"line":12,"column":null}}},"1":{"name":"(anonymous_1)","decl":{"start":{"line":15,"column":2},"end":{"line":15,"column":18}},"loc":{"start":{"line":15,"column":25},"end":{"line":28,"column":null}}},"2":{"name":"(anonymous_2)","decl":{"start":{"line":22,"column":48},"end":{"line":22,"column":62}},"loc":{"start":{"line":22,"column":62},"end":{"line":26,"column":null}}},"3":{"name":"(anonymous_3)","decl":{"start":{"line":32,"column":2},"end":{"line":32,"column":15}},"loc":{"start":{"line":32,"column":40},"end":{"line":39,"column":null}}},"4":{"name":"(anonymous_4)","decl":{"start":{"line":40,"column":2},"end":{"line":40,"column":25}},"loc":{"start":{"line":40,"column":48},"end":{"line":45,"column":null}}},"5":{"name":"(anonymous_5)","decl":{"start":{"line":46,"column":2},"end":{"line":46,"column":17}},"loc":{"start":{"line":46,"column":44},"end":{"line":48,"column":null}}},"6":{"name":"(anonymous_6)","decl":{"start":{"line":53,"column":2},"end":{"line":53,"column":8}},"loc":{"start":{"line":53,"column":33},"end":{"line":57,"column":null}}},"7":{"name":"(anonymous_7)","decl":{"start":{"line":58,"column":2},"end":{"line":58,"column":24}},"loc":{"start":{"line":58,"column":52},"end":{"line":60,"column":null}}},"8":{"name":"(anonymous_8)","decl":{"start":{"line":61,"column":2},"end":{"line":61,"column":16}},"loc":{"start":{"line":61,"column":49},"end":{"line":63,"column":null}}}},"branchMap":{"0":{"loc":{"start":{"line":16,"column":4},"end":{"line":16,"column":40}},"type":"if","locations":[{"start":{"line":16,"column":4},"end":{"line":16,"column":40}},{"start":{"line":16,"column":4},"end":{"line":16,"column":40}}]},"1":{"loc":{"start":{"line":18,"column":4},"end":{"line":20,"column":null}},"type":"if","locations":[{"start":{"line":18,"column":4},"end":{"line":20,"column":null}},{"start":{"line":18,"column":4},"end":{"line":20,"column":null}}]},"2":{"loc":{"start":{"line":33,"column":4},"end":{"line":37,"column":null}},"type":"if","locations":[{"start":{"line":33,"column":4},"end":{"line":37,"column":null}},{"start":{"line":33,"column":4},"end":{"line":37,"column":null}}]},"3":{"loc":{"start":{"line":41,"column":4},"end":{"line":41,"column":null}},"type":"if","locations":[{"start":{"line":41,"column":4},"end":{"line":41,"column":null}},{"start":{"line":41,"column":4},"end":{"line":41,"column":null}}]}},"s":{"0":2,"1":2,"2":2,"3":2,"4":9,"5":9,"6":2,"7":6,"8":0,"9":6,"10":4,"11":2,"12":4,"13":4,"14":2,"15":2,"16":1,"17":0,"18":0,"19":1,"20":1,"21":0,"22":1,"23":1,"24":2,"25":2,"26":1,"27":1,"28":1,"29":1,"30":2},"f":{"0":9,"1":6,"2":4,"3":1,"4":1,"5":2,"6":1,"7":1,"8":1},"b":{"0":[0,6],"1":[4,2],"2":[0,1],"3":[0,1]}}
}
