TN:
SF:/Users/vergara/projects/wallapop-frontend-test/src/App.vue
FN:34,(anonymous_1)
FN:39,(anonymous_2)
FNF:2
FNH:2
FNDA:1,(anonymous_1)
FNDA:3,(anonymous_2)
DA:15,1
DA:16,1
DA:17,1
DA:18,1
DA:35,1
DA:40,3
LF:6
LH:6
BRF:0
BRH:0
end_of_record
TN:
SF:/Users/vergara/projects/wallapop-frontend-test/src/api/getItems.ts
FN:4,getItems
FN:6,(anonymous_1)
FNF:2
FNH:2
FNDA:1,getItems
FNDA:1,(anonymous_1)
DA:1,3
DA:5,1
DA:7,1
LF:3
LH:3
BRF:0
BRH:0
end_of_record
TN:
SF:/Users/vergara/projects/wallapop-frontend-test/src/components/Item.vue
FN:49,(anonymous_1)
FNF:1
FNH:0
FNDA:0,(anonymous_1)
DA:37,3
DA:50,0
LF:2
LH:1
BRDA:50,0,0,0
BRDA:50,0,1,0
BRF:2
BRH:0
end_of_record
TN:
SF:/Users/vergara/projects/wallapop-frontend-test/src/components/ItemList.vue
FN:33,(anonymous_1)
FNF:1
FNH:1
FNDA:1,(anonymous_1)
DA:15,2
DA:16,2
DA:17,2
DA:34,1
LF:4
LH:4
BRF:0
BRH:0
end_of_record
TN:
SF:/Users/vergara/projects/wallapop-frontend-test/src/components/SearchInput.vue
FN:15,(anonymous_1)
FN:18,(anonymous_2)
FN:23,(anonymous_3)
FN:25,(anonymous_4)
FNF:4
FNH:3
FNDA:2,(anonymous_1)
FNDA:0,(anonymous_2)
FNDA:4,(anonymous_3)
FNDA:2,(anonymous_4)
DA:10,2
DA:16,2
DA:18,0
DA:24,4
DA:25,4
DA:26,2
LF:6
LH:5
BRF:0
BRH:0
end_of_record
TN:
SF:/Users/vergara/projects/wallapop-frontend-test/src/domain/models/Item.ts
FN:12,(anonymous_0)
FNF:1
FNH:1
FNDA:78,(anonymous_0)
DA:13,78
DA:14,78
DA:15,78
DA:16,78
DA:17,78
DA:18,78
DA:19,78
DA:23,5
LF:8
LH:8
BRF:0
BRH:0
end_of_record
TN:
SF:/Users/vergara/projects/wallapop-frontend-test/src/domain/services/itemService.ts
FN:5,(anonymous_0)
FN:7,(anonymous_1)
FN:11,(anonymous_2)
FNF:3
FNH:3
FNDA:3,(anonymous_0)
FNDA:60,(anonymous_1)
FNDA:6,(anonymous_2)
DA:1,3
DA:2,3
DA:4,3
DA:6,3
DA:7,60
DA:9,3
DA:12,6
DA:13,6
DA:15,6
DA:16,15
DA:18,15
DA:19,3
DA:20,3
DA:24,6
DA:28,3
LF:15
LH:15
BRDA:18,0,0,3
BRDA:18,0,1,12
BRF:2
BRH:2
end_of_record
TN:
SF:/Users/vergara/projects/wallapop-frontend-test/src/store/index.ts
FN:9,(anonymous_0)
FN:15,(anonymous_1)
FN:22,(anonymous_2)
FN:32,(anonymous_3)
FN:40,(anonymous_4)
FN:46,(anonymous_5)
FN:53,(anonymous_6)
FN:58,(anonymous_7)
FN:61,(anonymous_8)
FNF:9
FNH:9
FNDA:9,(anonymous_0)
FNDA:6,(anonymous_1)
FNDA:4,(anonymous_2)
FNDA:1,(anonymous_3)
FNDA:1,(anonymous_4)
FNDA:2,(anonymous_5)
FNDA:1,(anonymous_6)
FNDA:1,(anonymous_7)
FNDA:1,(anonymous_8)
DA:2,2
DA:4,2
DA:5,2
DA:7,2
DA:10,9
DA:11,9
DA:14,2
DA:16,6
DA:18,6
DA:19,4
DA:22,2
DA:23,4
DA:25,4
DA:27,2
DA:31,2
DA:33,1
DA:34,0
DA:36,0
DA:38,1
DA:41,1
DA:42,1
DA:44,1
DA:47,2
DA:52,2
DA:54,1
DA:56,1
DA:59,1
DA:62,1
DA:66,2
LF:29
LH:27
BRDA:16,0,0,0
BRDA:16,0,1,6
BRDA:18,1,0,4
BRDA:18,1,1,2
BRDA:33,2,0,0
BRDA:33,2,1,1
BRDA:41,3,0,0
BRDA:41,3,1,1
BRF:8
BRH:5
end_of_record
